
Showing logs for build [32mcb-kubecd-environment-pr-177-56-tt22z-2[0m stage [32mfrom-build-pack[0m and container [32mstep-credential-initializer-f9rwc[0m
{"level":"warn","ts":1583642669.8225238,"logger":"fallback-logger","caller":"logging/config.go:69","msg":"Fetch GitHub commit ID from kodata failed: \"ref: refs/heads/0.8.0-**-support-backwards-incompats\" is not a valid GitHub commit ID"}
{"level":"info","ts":1583642669.8243904,"logger":"fallback-logger","caller":"creds-init/main.go:40","msg":"Credentials initialized."}

Showing logs for build [32mcb-kubecd-environment-pr-177-56-tt22z-2[0m stage [32mfrom-build-pack[0m and container [32mstep-working-dir-initializer-vgwvf[0m
{"level":"warn","ts":1583642670.5379457,"logger":"fallback-logger","caller":"logging/config.go:69","msg":"Fetch GitHub commit ID from kodata failed: open /var/run/ko/HEAD: no such file or directory"}
{"level":"info","ts":1583642670.5409355,"logger":"fallback-logger","caller":"bash/main.go:64","msg":"Successfully executed command \"sh -c mkdir -p /workspace/source\"; output "}

Showing logs for build [32mcb-kubecd-environment-pr-177-56-tt22z-2[0m stage [32mfrom-build-pack[0m and container [32mstep-place-tools[0m

Showing logs for build [32mcb-kubecd-environment-pr-177-56-tt22z-2[0m stage [32mfrom-build-pack[0m and container [32mstep-git-source-cb-kubecd-environment-pr-177-56-tt22z-gtgwp[0m
{"level":"warn","ts":1583642676.637355,"logger":"fallback-logger","caller":"logging/config.go:69","msg":"Fetch GitHub commit ID from kodata failed: \"ref: refs/heads/0.8.0-**-support-backwards-incompats\" is not a valid GitHub commit ID"}
{"level":"info","ts":1583642677.6836352,"logger":"fallback-logger","caller":"git/git.go:103","msg":"Successfully cloned https://github.com/cb-kubecd/environment-pr-177-56-gke-upgrade-staging.git @ master in path /workspace/source"}

Showing logs for build [32mcb-kubecd-environment-pr-177-56-tt22z-2[0m stage [32mfrom-build-pack[0m and container [32mstep-git-merge[0m
Using SHAs from PULL_REFS=master:8c122fc55211f9460549cc537c9e6c1093d81aeb,1:62f7fee3c00cbcb9f04c8ad0458ecff81ed6d2b9
DEBUG: LC_ALL=C JX_LOG_LEVEL=error git fetch origin --unshallow 62f7fee3c00cbcb9f04c8ad0458ecff81ed6d2b9: 8c122fc55211f9460549cc537c9e6c1093d81aeb:
DEBUG: ran git fetch --unshallow origin 62f7fee3c00cbcb9f04c8ad0458ecff81ed6d2b9: 8c122fc55211f9460549cc537c9e6c1093d81aeb: in 
DEBUG: LC_ALL=C JX_LOG_LEVEL=error git branch
DEBUG: LC_ALL=C JX_LOG_LEVEL=error git checkout master
DEBUG: ran git checkout master in 
DEBUG: LC_ALL=C JX_LOG_LEVEL=error git reset --hard 8c122fc55211f9460549cc537c9e6c1093d81aeb
DEBUG: ran git reset --hard 8c122fc55211f9460549cc537c9e6c1093d81aeb in 
DEBUG: JX_LOG_LEVEL=error LC_ALL=C git clean -fd .
DEBUG: ran clean --force -d . in 
DEBUG: LC_ALL=C JX_LOG_LEVEL=error git merge 62f7fee3c00cbcb9f04c8ad0458ecff81ed6d2b9
DEBUG: ran git merge 62f7fee3c00cbcb9f04c8ad0458ecff81ed6d2b9 in 
DEBUG: LC_ALL=C JX_LOG_LEVEL=error git log --format=%H%x1f%an%x1f%ae%x1f%cn%x1f%ce%x1f%s%n%b%x1e 8c122fc55211f9460549cc537c9e6c1093d81aeb..HEAD
Merged SHA 62f7fee3c00cbcb9f04c8ad0458ecff81ed6d2b9 with commit message 'chore: Promote bdd-spring-1583642345 to version 0.0.1' into base branch master

Showing logs for build [32mcb-kubecd-environment-pr-177-56-tt22z-2[0m stage [32mfrom-build-pack[0m and container [32mstep-build-helm-build[0m
WARNING: No $CHART_REPOSITORY defined so using the default value of: http://jenkins-x-chartmuseum:8080
Adding missing Helm repo: storage.googleapis.com https://storage.googleapis.com/chartmuseum.jenkins-x.io
WARNING: No secrets found on "helm/repos" due: reading the secret "helm/repos" from vault: no secret "helm/repos" not found in vault
Read credentials for https://storage.googleapis.com/chartmuseum.jenkins-x.io from vault helm/repos
Successfully added Helm repository storage.googleapis.com.
Adding missing Helm repo: jenkins-x-chartmuseum http://jenkins-x-chartmuseum:8080
WARNING: No secrets found on "helm/repos" due: reading the secret "helm/repos" from vault: no secret "helm/repos" not found in vault
Read credentials for http://jenkins-x-chartmuseum:8080 from vault helm/repos
Successfully added Helm repository jenkins-x-chartmuseum.
WARNING: No $CHART_REPOSITORY defined so using the default value of: http://jenkins-x-chartmuseum:8080
Adding missing Helm repo: chartmuseum.jenkins-x.io http://chartmuseum.jenkins-x.io
WARNING: No secrets found on "helm/repos" due: reading the secret "helm/repos" from vault: no secret "helm/repos" not found in vault
Read credentials for http://chartmuseum.jenkins-x.io from vault helm/repos
Successfully added Helm repository chartmuseum.jenkins-x.io.
